<?xml version="1.0" encoding="UTF-8"?>
<coverage generated="1738285127917" clover="3.2.0">
  <project timestamp="1738285127917" name="All files">
    <metrics statements="3" coveredstatements="1" conditionals="3" coveredconditionals="0" methods="2" coveredmethods="0" elements="8" coveredelements="1" complexity="0" loc="3" ncloc="3" packages="1" files="1" classes="1"/>
    <file name="UserDetailsCard.tsx" path="/Users/mariodemko/Projects/mysidecar.ai/mysidecar.ai/components/ui/UserDetailsCard.tsx">
      <metrics statements="3" coveredstatements="1" conditionals="3" coveredconditionals="0" methods="2" coveredmethods="0"/>
      <line num="9" count="1" type="stmt"/>
      <line num="13" count="0" type="stmt"/>
      <line num="18" count="0" type="stmt"/>
    </file>
  </project>
</coverage>
