{
  "/Users/mariodemko/Projects/mysidecar.ai/mysidecar.ai/components/ui/UserDetailsCard.tsx": {
    "path": "/Users/mariodemko/Projects/mysidecar.ai/mysidecar.ai/components/ui/UserDetailsCard.tsx",
    "statementMap": {
      "0": {
        "start": { "line": 9, "column": 56 },
        "end": { "line": 25, "column": 1 }
      },
      "1": {
        "start": { "line": 13, "column": 2 },
        "end": { "line": 24, "column": 4 }
      },
      "2": {
        "start": { "line": 18, "column": 10 },
        "end": { "line": 20, "column": 14 }
      }
    },
    "fnMap": {
      "0": {
        "name": "(anonymous_0)",
        "decl": {
          "start": { "line": 9, "column": 56 },
          "end": { "line": 9, "column": 57 }
        },
        "loc": {
          "start": { "line": 12, "column": 6 },
          "end": { "line": 25, "column": 1 }
        },
        "line": 12
      },
      "1": {
        "name": "(anonymous_1)",
        "decl": {
          "start": { "line": 17, "column": 40 },
          "end": { "line": 17, "column": 41 }
        },
        "loc": {
          "start": { "line": 18, "column": 10 },
          "end": { "line": 20, "column": 14 }
        },
        "line": 18
      }
    },
    "branchMap": {
      "0": {
        "loc": {
          "start": { "line": 11, "column": 2 },
          "end": { "line": 11, "column": 16 }
        },
        "type": "default-arg",
        "locations": [
          {
            "start": { "line": 11, "column": 14 },
            "end": { "line": 11, "column": 16 }
          }
        ],
        "line": 11
      },
      "1": {
        "loc": {
          "start": { "line": 17, "column": 24 },
          "end": { "line": 17, "column": 34 }
        },
        "type": "binary-expr",
        "locations": [
          {
            "start": { "line": 17, "column": 24 },
            "end": { "line": 17, "column": 28 }
          },
          {
            "start": { "line": 17, "column": 32 },
            "end": { "line": 17, "column": 34 }
          }
        ],
        "line": 17
      }
    },
    "s": { "0": 1, "1": 0, "2": 0 },
    "f": { "0": 0, "1": 0 },
    "b": { "0": [0], "1": [0, 0] },
    "_coverageSchema": "1a1c01bbd47fc00a2c39e90264f33305004495a9",
    "hash": "2f0b10c241c9fe2f137cd50c4d885b2456fde4c1"
  }
}
